<?xml version="1.0" encoding="UTF-8"?>
<!-- Generated by org.testng.reporters.JUnitReportReporter -->
<testsuite skipped="0" hostname="U5-DPE-CPB-0217" name="com.virtualproject.virtualDemo.AppTest3" tests="3" failures="0" timestamp="28 May 2019 06:55:14 GMT" time="1.045" errors="0">
  <testcase name="getRequestStatus" time="0.213" classname="com.virtualproject.virtualDemo.AppTest3"/>
  <testcase name="getRequestStatus" time="0.777" classname="com.virtualproject.virtualDemo.AppTest3"/>
  <testcase name="getRequestStatus" time="0.055" classname="com.virtualproject.virtualDemo.AppTest3"/>
</testsuite> <!-- com.virtualproject.virtualDemo.AppTest3 -->
