<?xml version="1.0" encoding="UTF-8"?>
<!-- Generated by org.testng.reporters.JUnitReportReporter -->
<testsuite skipped="0" hostname="U5-DPE-CPB-0217" name="com.virtualproject.virtualDemo.AppTest" tests="2" failures="0" timestamp="24 May 2019 12:44:36 GMT" time="1.169" errors="0">
  <testcase name="getRequestParameterValidation" time="1.097" classname="com.virtualproject.virtualDemo.AppTest"/>
  <testcase name="getRequestStatus" time="0.072" classname="com.virtualproject.virtualDemo.AppTest"/>
</testsuite> <!-- com.virtualproject.virtualDemo.AppTest -->
