<?xml version="1.0" encoding="UTF-8"?>
<!-- Generated by org.testng.reporters.JUnitReportReporter -->
<testsuite skipped="0" hostname="U5-DPE-CPB-0217" name="com.virtualproject.virtualDemo.svTestCase" tests="1" failures="0" timestamp="05 Jun 2019 05:20:47 GMT" time="66.017" errors="0">
  <testcase name="getRequestStatus" time="66.017" classname="com.virtualproject.virtualDemo.svTestCase"/>
</testsuite> <!-- com.virtualproject.virtualDemo.svTestCase -->
