<?xml version="1.0" encoding="UTF-8"?>
<!-- Generated by org.testng.reporters.JUnitReportReporter -->
<testsuite skipped="0" hostname="U5-DPE-CPB-0217" name="com.virtualproject.virtualDemo.virtualTestCase" tests="1" failures="0" timestamp="04 Jun 2019 05:17:54 GMT" time="1.376" errors="0">
  <testcase name="getRequestStatus" time="1.376" classname="com.virtualproject.virtualDemo.virtualTestCase"/>
</testsuite> <!-- com.virtualproject.virtualDemo.virtualTestCase -->
