<?xml version="1.0" encoding="UTF-8"?>
<!-- Generated by org.testng.reporters.JUnitReportReporter -->
<testsuite skipped="0" hostname="U5-DPE-CPB-0217" name="com.virtualproject.virtualDemo.svTestCaseGet" tests="1" failures="0" timestamp="11 Jun 2019 12:54:17 GMT" time="0.416" errors="0">
  <testcase name="getRequestStatus" time="0.416" classname="com.virtualproject.virtualDemo.svTestCaseGet"/>
</testsuite> <!-- com.virtualproject.virtualDemo.svTestCaseGet -->
