<?xml version="1.0" encoding="UTF-8"?>
<!-- Generated by org.testng.reporters.JUnitReportReporter -->
<testsuite skipped="1" hostname="U5-DPE-CPB-0217" name="com.virtualproject.virtualDemo.wmock" tests="3" failures="0" timestamp="03 Jun 2019 11:48:26 GMT" time="0.097" errors="1">
  <testcase name="beforeMethod" time="0.093" classname="com.virtualproject.virtualDemo.wmock">
    <error type="com.github.tomakehurst.wiremock.common.FatalStartupException" message="java.lang.RuntimeException: java.net.BindException: Address already in use: bind">
      <![CDATA[com.github.tomakehurst.wiremock.common.FatalStartupException: java.lang.RuntimeException: java.net.BindException: Address already in use: bind
at com.github.tomakehurst.wiremock.WireMockServer.start(WireMockServer.java:147)
at com.virtualproject.virtualDemo.wmock.beforeMethod(wmock.java:76)
at sun.reflect.NativeMethodAccessorImpl.invoke0(Native Method)
at sun.reflect.NativeMethodAccessorImpl.invoke(Unknown Source)
at sun.reflect.DelegatingMethodAccessorImpl.invoke(Unknown Source)
at java.lang.reflect.Method.invoke(Unknown Source)
at org.testng.internal.MethodInvocationHelper.invokeMethod(MethodInvocationHelper.java:124)
at org.testng.internal.MethodInvocationHelper.invokeMethodConsideringTimeout(MethodInvocationHelper.java:59)
at org.testng.internal.Invoker.invokeConfigurationMethod(Invoker.java:458)
at org.testng.internal.Invoker.invokeConfigurations(Invoker.java:222)
at org.testng.internal.Invoker.invokeMethod(Invoker.java:523)
at org.testng.internal.Invoker.invokeTestMethod(Invoker.java:719)
at org.testng.internal.Invoker.invokeTestMethods(Invoker.java:989)
at org.testng.internal.TestMethodWorker.invokeTestMethods(TestMethodWorker.java:125)
at org.testng.internal.TestMethodWorker.run(TestMethodWorker.java:109)
at org.testng.TestRunner.privateRun(TestRunner.java:648)
at org.testng.TestRunner.run(TestRunner.java:505)
at org.testng.SuiteRunner.runTest(SuiteRunner.java:455)
at org.testng.SuiteRunner.runSequentially(SuiteRunner.java:450)
at org.testng.SuiteRunner.privateRun(SuiteRunner.java:415)
at org.testng.SuiteRunner.run(SuiteRunner.java:364)
at org.testng.SuiteRunnerWorker.runSuite(SuiteRunnerWorker.java:52)
at org.testng.SuiteRunnerWorker.run(SuiteRunnerWorker.java:84)
at org.testng.TestNG.runSuitesSequentially(TestNG.java:1208)
at org.testng.TestNG.runSuitesLocally(TestNG.java:1137)
at org.testng.TestNG.runSuites(TestNG.java:1049)
at org.testng.TestNG.run(TestNG.java:1017)
at org.testng.remote.AbstractRemoteTestNG.run(AbstractRemoteTestNG.java:132)
at org.testng.remote.RemoteTestNG.initAndRun(RemoteTestNG.java:230)
at org.testng.remote.RemoteTestNG.main(RemoteTestNG.java:76)
Caused by: java.lang.RuntimeException: java.net.BindException: Address already in use: bind
at com.github.tomakehurst.wiremock.jetty9.JettyHttpServer.start(JettyHttpServer.java:165)
at com.github.tomakehurst.wiremock.WireMockServer.start(WireMockServer.java:145)
... 29 more
Caused by: java.net.BindException: Address already in use: bind
at sun.nio.ch.Net.bind0(Native Method)
at sun.nio.ch.Net.bind(Unknown Source)
at sun.nio.ch.Net.bind(Unknown Source)
at sun.nio.ch.ServerSocketChannelImpl.bind(Unknown Source)
at sun.nio.ch.ServerSocketAdaptor.bind(Unknown Source)
at org.eclipse.jetty.server.ServerConnector.open(ServerConnector.java:321)
at org.eclipse.jetty.server.AbstractNetworkConnector.doStart(AbstractNetworkConnector.java:80)
at org.eclipse.jetty.server.ServerConnector.doStart(ServerConnector.java:236)
at org.eclipse.jetty.util.component.AbstractLifeCycle.start(AbstractLifeCycle.java:68)
at org.eclipse.jetty.server.Server.doStart(Server.java:366)
at org.eclipse.jetty.util.component.AbstractLifeCycle.start(AbstractLifeCycle.java:68)
at com.github.tomakehurst.wiremock.jetty9.JettyHttpServer.start(JettyHttpServer.java:163)
... 30 more
]]>
    </error>
  </testcase> <!-- beforeMethod -->
  <testcase name="contextLoad" time="0.004" classname="com.virtualproject.virtualDemo.wmock"/>
  <testcase name="testAPI" time="0.000" classname="com.virtualproject.virtualDemo.wmock">
    <skipped/>
  </testcase> <!-- testAPI -->
</testsuite> <!-- com.virtualproject.virtualDemo.wmock -->
