<?xml version="1.0" encoding="UTF-8"?>
<!-- Generated by org.testng.reporters.JUnitReportReporter -->
<testsuite skipped="0" hostname="U5-DPE-CPB-0217" name="com.virtualproject.virtualDemo.AppTest2" tests="1" failures="0" timestamp="31 May 2019 06:01:35 GMT" time="1.336" errors="0">
  <testcase name="getRequestStatus" time="1.336" classname="com.virtualproject.virtualDemo.AppTest2"/>
</testsuite> <!-- com.virtualproject.virtualDemo.AppTest2 -->
